CRITICAL - 2025-04-13 19:42:16 --> ErrorException: Trying to access array offset on value of type null
[Method: GET, Route: rooms/edit/1]
in APPPATH\Views\rooms\edit.php on line 48.
 1 APPPATH\Views\rooms\edit.php(48): CodeIgniter\Debug\Exceptions->errorHandler(2, 'Trying to access array offset on value of type null', 'C:\\xampp\\htdocs\\hotel-booking\\app\\Views\\rooms\\edit.php', 48)
 2 SYSTEMPATH\View\View.php(224): include('C:\\xampp\\htdocs\\hotel-booking\\app\\Views\\rooms\\edit.php')
 3 SYSTEMPATH\View\View.php(227): CodeIgniter\View\View->CodeIgniter\View\{closure}()
 4 SYSTEMPATH\Common.php(1173): CodeIgniter\View\View->render('rooms/edit', [], true)
 5 APPPATH\Controllers\Rooms.php(37): view('rooms/edit', [...])
 6 SYSTEMPATH\CodeIgniter.php(933): App\Controllers\Rooms->edit('1')
 7 SYSTEMPATH\CodeIgniter.php(507): CodeIgniter\CodeIgniter->runController(Object(App\Controllers\Rooms))
 8 SYSTEMPATH\CodeIgniter.php(354): CodeIgniter\CodeIgniter->handleRequest(null, Object(Config\Cache), false)
 9 SYSTEMPATH\Boot.php(334): CodeIgniter\CodeIgniter->run()
10 SYSTEMPATH\Boot.php(67): CodeIgniter\Boot::runCodeIgniter(Object(CodeIgniter\CodeIgniter))
11 FCPATH\index.php(56): CodeIgniter\Boot::bootWeb(Object(Config\Paths))
CRITICAL - 2025-04-13 19:42:19 --> ErrorException: Trying to access array offset on value of type null
[Method: GET, Route: rooms/edit/1]
in APPPATH\Views\rooms\edit.php on line 48.
 1 APPPATH\Views\rooms\edit.php(48): CodeIgniter\Debug\Exceptions->errorHandler(2, 'Trying to access array offset on value of type null', 'C:\\xampp\\htdocs\\hotel-booking\\app\\Views\\rooms\\edit.php', 48)
 2 SYSTEMPATH\View\View.php(224): include('C:\\xampp\\htdocs\\hotel-booking\\app\\Views\\rooms\\edit.php')
 3 SYSTEMPATH\View\View.php(227): CodeIgniter\View\View->CodeIgniter\View\{closure}()
 4 SYSTEMPATH\Common.php(1173): CodeIgniter\View\View->render('rooms/edit', [], true)
 5 APPPATH\Controllers\Rooms.php(37): view('rooms/edit', [...])
 6 SYSTEMPATH\CodeIgniter.php(933): App\Controllers\Rooms->edit('1')
 7 SYSTEMPATH\CodeIgniter.php(507): CodeIgniter\CodeIgniter->runController(Object(App\Controllers\Rooms))
 8 SYSTEMPATH\CodeIgniter.php(354): CodeIgniter\CodeIgniter->handleRequest(null, Object(Config\Cache), false)
 9 SYSTEMPATH\Boot.php(334): CodeIgniter\CodeIgniter->run()
10 SYSTEMPATH\Boot.php(67): CodeIgniter\Boot::runCodeIgniter(Object(CodeIgniter\CodeIgniter))
11 FCPATH\index.php(56): CodeIgniter\Boot::bootWeb(Object(Config\Paths))
CRITICAL - 2025-04-13 20:26:31 --> ErrorException: Undefined array key "guest_name"
[Method: GET, Route: bookings]
in APPPATH\Views\bookings\index.php on line 94.
 1 APPPATH\Views\bookings\index.php(94): CodeIgniter\Debug\Exceptions->errorHandler(2, 'Undefined array key "guest_name"', 'C:\\xampp\\htdocs\\hotel-booking\\app\\Views\\bookings\\index.php', 94)
 2 SYSTEMPATH\View\View.php(224): include('C:\\xampp\\htdocs\\hotel-booking\\app\\Views\\bookings\\index.php')
 3 SYSTEMPATH\View\View.php(227): CodeIgniter\View\View->CodeIgniter\View\{closure}()
 4 SYSTEMPATH\Common.php(1173): CodeIgniter\View\View->render('bookings/index', [], true)
 5 APPPATH\Controllers\Bookings.php(25): view('bookings/index', [...])
 6 SYSTEMPATH\CodeIgniter.php(933): App\Controllers\Bookings->index()
 7 SYSTEMPATH\CodeIgniter.php(507): CodeIgniter\CodeIgniter->runController(Object(App\Controllers\Bookings))
 8 SYSTEMPATH\CodeIgniter.php(354): CodeIgniter\CodeIgniter->handleRequest(null, Object(Config\Cache), false)
 9 SYSTEMPATH\Boot.php(334): CodeIgniter\CodeIgniter->run()
10 SYSTEMPATH\Boot.php(67): CodeIgniter\Boot::runCodeIgniter(Object(CodeIgniter\CodeIgniter))
11 FCPATH\index.php(56): CodeIgniter\Boot::bootWeb(Object(Config\Paths))
CRITICAL - 2025-04-13 20:27:22 --> ErrorException: Undefined array key "guest_name"
[Method: GET, Route: bookings]
in APPPATH\Views\bookings\index.php on line 94.
 1 APPPATH\Views\bookings\index.php(94): CodeIgniter\Debug\Exceptions->errorHandler(2, 'Undefined array key "guest_name"', 'C:\\xampp\\htdocs\\hotel-booking\\app\\Views\\bookings\\index.php', 94)
 2 SYSTEMPATH\View\View.php(224): include('C:\\xampp\\htdocs\\hotel-booking\\app\\Views\\bookings\\index.php')
 3 SYSTEMPATH\View\View.php(227): CodeIgniter\View\View->CodeIgniter\View\{closure}()
 4 SYSTEMPATH\Common.php(1173): CodeIgniter\View\View->render('bookings/index', [], true)
 5 APPPATH\Controllers\Bookings.php(25): view('bookings/index', [...])
 6 SYSTEMPATH\CodeIgniter.php(933): App\Controllers\Bookings->index()
 7 SYSTEMPATH\CodeIgniter.php(507): CodeIgniter\CodeIgniter->runController(Object(App\Controllers\Bookings))
 8 SYSTEMPATH\CodeIgniter.php(354): CodeIgniter\CodeIgniter->handleRequest(null, Object(Config\Cache), false)
 9 SYSTEMPATH\Boot.php(334): CodeIgniter\CodeIgniter->run()
10 SYSTEMPATH\Boot.php(67): CodeIgniter\Boot::runCodeIgniter(Object(CodeIgniter\CodeIgniter))
11 FCPATH\index.php(56): CodeIgniter\Boot::bootWeb(Object(Config\Paths))
CRITICAL - 2025-04-13 20:37:25 --> ErrorException: Undefined array key "guest_name"
[Method: GET, Route: bookings]
in APPPATH\Views\bookings\index.php on line 94.
 1 APPPATH\Views\bookings\index.php(94): CodeIgniter\Debug\Exceptions->errorHandler(2, 'Undefined array key "guest_name"', 'C:\\xampp\\htdocs\\hotel-booking\\app\\Views\\bookings\\index.php', 94)
 2 SYSTEMPATH\View\View.php(224): include('C:\\xampp\\htdocs\\hotel-booking\\app\\Views\\bookings\\index.php')
 3 SYSTEMPATH\View\View.php(227): CodeIgniter\View\View->CodeIgniter\View\{closure}()
 4 SYSTEMPATH\Common.php(1173): CodeIgniter\View\View->render('bookings/index', [], true)
 5 APPPATH\Controllers\Bookings.php(25): view('bookings/index', [...])
 6 SYSTEMPATH\CodeIgniter.php(933): App\Controllers\Bookings->index()
 7 SYSTEMPATH\CodeIgniter.php(507): CodeIgniter\CodeIgniter->runController(Object(App\Controllers\Bookings))
 8 SYSTEMPATH\CodeIgniter.php(354): CodeIgniter\CodeIgniter->handleRequest(null, Object(Config\Cache), false)
 9 SYSTEMPATH\Boot.php(334): CodeIgniter\CodeIgniter->run()
10 SYSTEMPATH\Boot.php(67): CodeIgniter\Boot::runCodeIgniter(Object(CodeIgniter\CodeIgniter))
11 FCPATH\index.php(56): CodeIgniter\Boot::bootWeb(Object(Config\Paths))
CRITICAL - 2025-04-13 20:37:33 --> ErrorException: Undefined array key "guest_name"
[Method: GET, Route: bookings]
in APPPATH\Views\bookings\index.php on line 94.
 1 APPPATH\Views\bookings\index.php(94): CodeIgniter\Debug\Exceptions->errorHandler(2, 'Undefined array key "guest_name"', 'C:\\xampp\\htdocs\\hotel-booking\\app\\Views\\bookings\\index.php', 94)
 2 SYSTEMPATH\View\View.php(224): include('C:\\xampp\\htdocs\\hotel-booking\\app\\Views\\bookings\\index.php')
 3 SYSTEMPATH\View\View.php(227): CodeIgniter\View\View->CodeIgniter\View\{closure}()
 4 SYSTEMPATH\Common.php(1173): CodeIgniter\View\View->render('bookings/index', [], true)
 5 APPPATH\Controllers\Bookings.php(25): view('bookings/index', [...])
 6 SYSTEMPATH\CodeIgniter.php(933): App\Controllers\Bookings->index()
 7 SYSTEMPATH\CodeIgniter.php(507): CodeIgniter\CodeIgniter->runController(Object(App\Controllers\Bookings))
 8 SYSTEMPATH\CodeIgniter.php(354): CodeIgniter\CodeIgniter->handleRequest(null, Object(Config\Cache), false)
 9 SYSTEMPATH\Boot.php(334): CodeIgniter\CodeIgniter->run()
10 SYSTEMPATH\Boot.php(67): CodeIgniter\Boot::runCodeIgniter(Object(CodeIgniter\CodeIgniter))
11 FCPATH\index.php(56): CodeIgniter\Boot::bootWeb(Object(Config\Paths))
ERROR - 2025-04-13 20:41:19 --> mysqli_sql_exception: Unknown column 'created_at' in 'field list' in C:\xampp\htdocs\hotel-booking\system\Database\MySQLi\Connection.php:327
Stack trace:
#0 C:\xampp\htdocs\hotel-booking\system\Database\MySQLi\Connection.php(327): mysqli->query('INSERT INTO `bo...', 0)
#1 C:\xampp\htdocs\hotel-booking\system\Database\BaseConnection.php(738): CodeIgniter\Database\MySQLi\Connection->execute('INSERT INTO `bo...')
#2 C:\xampp\htdocs\hotel-booking\system\Database\BaseConnection.php(652): CodeIgniter\Database\BaseConnection->simpleQuery('INSERT INTO `bo...')
#3 C:\xampp\htdocs\hotel-booking\system\Database\BaseBuilder.php(2345): CodeIgniter\Database\BaseConnection->query('INSERT INTO `bo...', Array, false)
#4 C:\xampp\htdocs\hotel-booking\system\Model.php(394): CodeIgniter\Database\BaseBuilder->insert()
#5 C:\xampp\htdocs\hotel-booking\system\BaseModel.php(839): CodeIgniter\Model->doInsert(Array)
#6 C:\xampp\htdocs\hotel-booking\system\Model.php(800): CodeIgniter\BaseModel->insert(Array, false)
#7 C:\xampp\htdocs\hotel-booking\system\BaseModel.php(750): CodeIgniter\Model->insert(Array, false)
#8 C:\xampp\htdocs\hotel-booking\app\Controllers\Bookings.php(51): CodeIgniter\BaseModel->save(Array)
#9 C:\xampp\htdocs\hotel-booking\system\CodeIgniter.php(933): App\Controllers\Bookings->store()
#10 C:\xampp\htdocs\hotel-booking\system\CodeIgniter.php(507): CodeIgniter\CodeIgniter->runController(Object(App\Controllers\Bookings))
#11 C:\xampp\htdocs\hotel-booking\system\CodeIgniter.php(354): CodeIgniter\CodeIgniter->handleRequest(NULL, Object(Config\Cache), false)
#12 C:\xampp\htdocs\hotel-booking\system\Boot.php(334): CodeIgniter\CodeIgniter->run()
#13 C:\xampp\htdocs\hotel-booking\system\Boot.php(67): CodeIgniter\Boot::runCodeIgniter(Object(CodeIgniter\CodeIgniter))
#14 C:\xampp\htdocs\hotel-booking\public\index.php(56): CodeIgniter\Boot::bootWeb(Object(Config\Paths))
#15 {main}
CRITICAL - 2025-04-13 20:41:19 --> CodeIgniter\Database\Exceptions\DatabaseException: Unknown column 'created_at' in 'field list'
[Method: POST, Route: bookings/store]
in SYSTEMPATH\Database\BaseConnection.php on line 692.
 1 SYSTEMPATH\Database\BaseBuilder.php(2345): CodeIgniter\Database\BaseConnection->query('INSERT INTO `bookings` (`guest_id`, `room_id`, `checkin_date`, `checkout_date`, `status`, `created_at`, `updated_at`) VALUES (:guest_id:, :room_id:, :checkin_date:, :checkout_date:, :status:, :created_at:, :updated_at:)', [...], false)
 2 SYSTEMPATH\Model.php(394): CodeIgniter\Database\BaseBuilder->insert()
 3 SYSTEMPATH\BaseModel.php(839): CodeIgniter\Model->doInsert([...])
 4 SYSTEMPATH\Model.php(800): CodeIgniter\BaseModel->insert([...], false)
 5 SYSTEMPATH\BaseModel.php(750): CodeIgniter\Model->insert([...], false)
 6 APPPATH\Controllers\Bookings.php(51): CodeIgniter\BaseModel->save([...])
 7 SYSTEMPATH\CodeIgniter.php(933): App\Controllers\Bookings->store()
 8 SYSTEMPATH\CodeIgniter.php(507): CodeIgniter\CodeIgniter->runController(Object(App\Controllers\Bookings))
 9 SYSTEMPATH\CodeIgniter.php(354): CodeIgniter\CodeIgniter->handleRequest(null, Object(Config\Cache), false)
10 SYSTEMPATH\Boot.php(334): CodeIgniter\CodeIgniter->run()
11 SYSTEMPATH\Boot.php(67): CodeIgniter\Boot::runCodeIgniter(Object(CodeIgniter\CodeIgniter))
12 FCPATH\index.php(56): CodeIgniter\Boot::bootWeb(Object(Config\Paths))
CRITICAL - 2025-04-13 20:41:19 --> [Caused by] CodeIgniter\Database\Exceptions\DatabaseException: Unknown column 'created_at' in 'field list'
in SYSTEMPATH\Database\MySQLi\Connection.php on line 332.
 1 SYSTEMPATH\Database\BaseConnection.php(738): CodeIgniter\Database\MySQLi\Connection->execute('INSERT INTO `bookings` (`guest_id`, `room_id`, `checkin_date`, `checkout_date`, `status`, `created_at`, `updated_at`) VALUES (\'4\', \'2\', \'2025-05-20\', \'2025-05-21\', \'pending\', \'2025-04-13 20:41:19\', \'2025-04-13 20:41:19\')')
 2 SYSTEMPATH\Database\BaseConnection.php(652): CodeIgniter\Database\BaseConnection->simpleQuery('INSERT INTO `bookings` (`guest_id`, `room_id`, `checkin_date`, `checkout_date`, `status`, `created_at`, `updated_at`) VALUES (\'4\', \'2\', \'2025-05-20\', \'2025-05-21\', \'pending\', \'2025-04-13 20:41:19\', \'2025-04-13 20:41:19\')')
 3 SYSTEMPATH\Database\BaseBuilder.php(2345): CodeIgniter\Database\BaseConnection->query('INSERT INTO `bookings` (`guest_id`, `room_id`, `checkin_date`, `checkout_date`, `status`, `created_at`, `updated_at`) VALUES (:guest_id:, :room_id:, :checkin_date:, :checkout_date:, :status:, :created_at:, :updated_at:)', [...], false)
 4 SYSTEMPATH\Model.php(394): CodeIgniter\Database\BaseBuilder->insert()
 5 SYSTEMPATH\BaseModel.php(839): CodeIgniter\Model->doInsert([...])
 6 SYSTEMPATH\Model.php(800): CodeIgniter\BaseModel->insert([...], false)
 7 SYSTEMPATH\BaseModel.php(750): CodeIgniter\Model->insert([...], false)
 8 APPPATH\Controllers\Bookings.php(51): CodeIgniter\BaseModel->save([...])
 9 SYSTEMPATH\CodeIgniter.php(933): App\Controllers\Bookings->store()
10 SYSTEMPATH\CodeIgniter.php(507): CodeIgniter\CodeIgniter->runController(Object(App\Controllers\Bookings))
11 SYSTEMPATH\CodeIgniter.php(354): CodeIgniter\CodeIgniter->handleRequest(null, Object(Config\Cache), false)
12 SYSTEMPATH\Boot.php(334): CodeIgniter\CodeIgniter->run()
13 SYSTEMPATH\Boot.php(67): CodeIgniter\Boot::runCodeIgniter(Object(CodeIgniter\CodeIgniter))
14 FCPATH\index.php(56): CodeIgniter\Boot::bootWeb(Object(Config\Paths))
CRITICAL - 2025-04-13 20:41:19 --> [Caused by] mysqli_sql_exception: Unknown column 'created_at' in 'field list'
in SYSTEMPATH\Database\MySQLi\Connection.php on line 327.
 1 SYSTEMPATH\Database\MySQLi\Connection.php(327): mysqli->query('INSERT INTO `bookings` (`guest_id`, `room_id`, `checkin_date`, `checkout_date`, `status`, `created_at`, `updated_at`) VALUES (\'4\', \'2\', \'2025-05-20\', \'2025-05-21\', \'pending\', \'2025-04-13 20:41:19\', \'2025-04-13 20:41:19\')', 0)
 2 SYSTEMPATH\Database\BaseConnection.php(738): CodeIgniter\Database\MySQLi\Connection->execute('INSERT INTO `bookings` (`guest_id`, `room_id`, `checkin_date`, `checkout_date`, `status`, `created_at`, `updated_at`) VALUES (\'4\', \'2\', \'2025-05-20\', \'2025-05-21\', \'pending\', \'2025-04-13 20:41:19\', \'2025-04-13 20:41:19\')')
 3 SYSTEMPATH\Database\BaseConnection.php(652): CodeIgniter\Database\BaseConnection->simpleQuery('INSERT INTO `bookings` (`guest_id`, `room_id`, `checkin_date`, `checkout_date`, `status`, `created_at`, `updated_at`) VALUES (\'4\', \'2\', \'2025-05-20\', \'2025-05-21\', \'pending\', \'2025-04-13 20:41:19\', \'2025-04-13 20:41:19\')')
 4 SYSTEMPATH\Database\BaseBuilder.php(2345): CodeIgniter\Database\BaseConnection->query('INSERT INTO `bookings` (`guest_id`, `room_id`, `checkin_date`, `checkout_date`, `status`, `created_at`, `updated_at`) VALUES (:guest_id:, :room_id:, :checkin_date:, :checkout_date:, :status:, :created_at:, :updated_at:)', [...], false)
 5 SYSTEMPATH\Model.php(394): CodeIgniter\Database\BaseBuilder->insert()
 6 SYSTEMPATH\BaseModel.php(839): CodeIgniter\Model->doInsert([...])
 7 SYSTEMPATH\Model.php(800): CodeIgniter\BaseModel->insert([...], false)
 8 SYSTEMPATH\BaseModel.php(750): CodeIgniter\Model->insert([...], false)
 9 APPPATH\Controllers\Bookings.php(51): CodeIgniter\BaseModel->save([...])
10 SYSTEMPATH\CodeIgniter.php(933): App\Controllers\Bookings->store()
11 SYSTEMPATH\CodeIgniter.php(507): CodeIgniter\CodeIgniter->runController(Object(App\Controllers\Bookings))
12 SYSTEMPATH\CodeIgniter.php(354): CodeIgniter\CodeIgniter->handleRequest(null, Object(Config\Cache), false)
13 SYSTEMPATH\Boot.php(334): CodeIgniter\CodeIgniter->run()
14 SYSTEMPATH\Boot.php(67): CodeIgniter\Boot::runCodeIgniter(Object(CodeIgniter\CodeIgniter))
15 FCPATH\index.php(56): CodeIgniter\Boot::bootWeb(Object(Config\Paths))
ERROR - 2025-04-13 20:41:58 --> mysqli_sql_exception: Unknown column 'created_at' in 'field list' in C:\xampp\htdocs\hotel-booking\system\Database\MySQLi\Connection.php:327
Stack trace:
#0 C:\xampp\htdocs\hotel-booking\system\Database\MySQLi\Connection.php(327): mysqli->query('INSERT INTO `bo...', 0)
#1 C:\xampp\htdocs\hotel-booking\system\Database\BaseConnection.php(738): CodeIgniter\Database\MySQLi\Connection->execute('INSERT INTO `bo...')
#2 C:\xampp\htdocs\hotel-booking\system\Database\BaseConnection.php(652): CodeIgniter\Database\BaseConnection->simpleQuery('INSERT INTO `bo...')
#3 C:\xampp\htdocs\hotel-booking\system\Database\BaseBuilder.php(2345): CodeIgniter\Database\BaseConnection->query('INSERT INTO `bo...', Array, false)
#4 C:\xampp\htdocs\hotel-booking\system\Model.php(394): CodeIgniter\Database\BaseBuilder->insert()
#5 C:\xampp\htdocs\hotel-booking\system\BaseModel.php(839): CodeIgniter\Model->doInsert(Array)
#6 C:\xampp\htdocs\hotel-booking\system\Model.php(800): CodeIgniter\BaseModel->insert(Array, false)
#7 C:\xampp\htdocs\hotel-booking\system\BaseModel.php(750): CodeIgniter\Model->insert(Array, false)
#8 C:\xampp\htdocs\hotel-booking\app\Controllers\Bookings.php(51): CodeIgniter\BaseModel->save(Array)
#9 C:\xampp\htdocs\hotel-booking\system\CodeIgniter.php(933): App\Controllers\Bookings->store()
#10 C:\xampp\htdocs\hotel-booking\system\CodeIgniter.php(507): CodeIgniter\CodeIgniter->runController(Object(App\Controllers\Bookings))
#11 C:\xampp\htdocs\hotel-booking\system\CodeIgniter.php(354): CodeIgniter\CodeIgniter->handleRequest(NULL, Object(Config\Cache), false)
#12 C:\xampp\htdocs\hotel-booking\system\Boot.php(334): CodeIgniter\CodeIgniter->run()
#13 C:\xampp\htdocs\hotel-booking\system\Boot.php(67): CodeIgniter\Boot::runCodeIgniter(Object(CodeIgniter\CodeIgniter))
#14 C:\xampp\htdocs\hotel-booking\public\index.php(56): CodeIgniter\Boot::bootWeb(Object(Config\Paths))
#15 {main}
CRITICAL - 2025-04-13 20:41:58 --> CodeIgniter\Database\Exceptions\DatabaseException: Unknown column 'created_at' in 'field list'
[Method: POST, Route: bookings/store]
in SYSTEMPATH\Database\BaseConnection.php on line 692.
 1 SYSTEMPATH\Database\BaseBuilder.php(2345): CodeIgniter\Database\BaseConnection->query('INSERT INTO `bookings` (`guest_id`, `room_id`, `checkin_date`, `checkout_date`, `status`, `created_at`, `updated_at`) VALUES (:guest_id:, :room_id:, :checkin_date:, :checkout_date:, :status:, :created_at:, :updated_at:)', [...], false)
 2 SYSTEMPATH\Model.php(394): CodeIgniter\Database\BaseBuilder->insert()
 3 SYSTEMPATH\BaseModel.php(839): CodeIgniter\Model->doInsert([...])
 4 SYSTEMPATH\Model.php(800): CodeIgniter\BaseModel->insert([...], false)
 5 SYSTEMPATH\BaseModel.php(750): CodeIgniter\Model->insert([...], false)
 6 APPPATH\Controllers\Bookings.php(51): CodeIgniter\BaseModel->save([...])
 7 SYSTEMPATH\CodeIgniter.php(933): App\Controllers\Bookings->store()
 8 SYSTEMPATH\CodeIgniter.php(507): CodeIgniter\CodeIgniter->runController(Object(App\Controllers\Bookings))
 9 SYSTEMPATH\CodeIgniter.php(354): CodeIgniter\CodeIgniter->handleRequest(null, Object(Config\Cache), false)
10 SYSTEMPATH\Boot.php(334): CodeIgniter\CodeIgniter->run()
11 SYSTEMPATH\Boot.php(67): CodeIgniter\Boot::runCodeIgniter(Object(CodeIgniter\CodeIgniter))
12 FCPATH\index.php(56): CodeIgniter\Boot::bootWeb(Object(Config\Paths))
CRITICAL - 2025-04-13 20:41:58 --> [Caused by] CodeIgniter\Database\Exceptions\DatabaseException: Unknown column 'created_at' in 'field list'
in SYSTEMPATH\Database\MySQLi\Connection.php on line 332.
 1 SYSTEMPATH\Database\BaseConnection.php(738): CodeIgniter\Database\MySQLi\Connection->execute('INSERT INTO `bookings` (`guest_id`, `room_id`, `checkin_date`, `checkout_date`, `status`, `created_at`, `updated_at`) VALUES (\'4\', \'2\', \'2025-05-20\', \'2025-05-21\', \'pending\', \'2025-04-13 20:41:58\', \'2025-04-13 20:41:58\')')
 2 SYSTEMPATH\Database\BaseConnection.php(652): CodeIgniter\Database\BaseConnection->simpleQuery('INSERT INTO `bookings` (`guest_id`, `room_id`, `checkin_date`, `checkout_date`, `status`, `created_at`, `updated_at`) VALUES (\'4\', \'2\', \'2025-05-20\', \'2025-05-21\', \'pending\', \'2025-04-13 20:41:58\', \'2025-04-13 20:41:58\')')
 3 SYSTEMPATH\Database\BaseBuilder.php(2345): CodeIgniter\Database\BaseConnection->query('INSERT INTO `bookings` (`guest_id`, `room_id`, `checkin_date`, `checkout_date`, `status`, `created_at`, `updated_at`) VALUES (:guest_id:, :room_id:, :checkin_date:, :checkout_date:, :status:, :created_at:, :updated_at:)', [...], false)
 4 SYSTEMPATH\Model.php(394): CodeIgniter\Database\BaseBuilder->insert()
 5 SYSTEMPATH\BaseModel.php(839): CodeIgniter\Model->doInsert([...])
 6 SYSTEMPATH\Model.php(800): CodeIgniter\BaseModel->insert([...], false)
 7 SYSTEMPATH\BaseModel.php(750): CodeIgniter\Model->insert([...], false)
 8 APPPATH\Controllers\Bookings.php(51): CodeIgniter\BaseModel->save([...])
 9 SYSTEMPATH\CodeIgniter.php(933): App\Controllers\Bookings->store()
10 SYSTEMPATH\CodeIgniter.php(507): CodeIgniter\CodeIgniter->runController(Object(App\Controllers\Bookings))
11 SYSTEMPATH\CodeIgniter.php(354): CodeIgniter\CodeIgniter->handleRequest(null, Object(Config\Cache), false)
12 SYSTEMPATH\Boot.php(334): CodeIgniter\CodeIgniter->run()
13 SYSTEMPATH\Boot.php(67): CodeIgniter\Boot::runCodeIgniter(Object(CodeIgniter\CodeIgniter))
14 FCPATH\index.php(56): CodeIgniter\Boot::bootWeb(Object(Config\Paths))
CRITICAL - 2025-04-13 20:41:58 --> [Caused by] mysqli_sql_exception: Unknown column 'created_at' in 'field list'
in SYSTEMPATH\Database\MySQLi\Connection.php on line 327.
 1 SYSTEMPATH\Database\MySQLi\Connection.php(327): mysqli->query('INSERT INTO `bookings` (`guest_id`, `room_id`, `checkin_date`, `checkout_date`, `status`, `created_at`, `updated_at`) VALUES (\'4\', \'2\', \'2025-05-20\', \'2025-05-21\', \'pending\', \'2025-04-13 20:41:58\', \'2025-04-13 20:41:58\')', 0)
 2 SYSTEMPATH\Database\BaseConnection.php(738): CodeIgniter\Database\MySQLi\Connection->execute('INSERT INTO `bookings` (`guest_id`, `room_id`, `checkin_date`, `checkout_date`, `status`, `created_at`, `updated_at`) VALUES (\'4\', \'2\', \'2025-05-20\', \'2025-05-21\', \'pending\', \'2025-04-13 20:41:58\', \'2025-04-13 20:41:58\')')
 3 SYSTEMPATH\Database\BaseConnection.php(652): CodeIgniter\Database\BaseConnection->simpleQuery('INSERT INTO `bookings` (`guest_id`, `room_id`, `checkin_date`, `checkout_date`, `status`, `created_at`, `updated_at`) VALUES (\'4\', \'2\', \'2025-05-20\', \'2025-05-21\', \'pending\', \'2025-04-13 20:41:58\', \'2025-04-13 20:41:58\')')
 4 SYSTEMPATH\Database\BaseBuilder.php(2345): CodeIgniter\Database\BaseConnection->query('INSERT INTO `bookings` (`guest_id`, `room_id`, `checkin_date`, `checkout_date`, `status`, `created_at`, `updated_at`) VALUES (:guest_id:, :room_id:, :checkin_date:, :checkout_date:, :status:, :created_at:, :updated_at:)', [...], false)
 5 SYSTEMPATH\Model.php(394): CodeIgniter\Database\BaseBuilder->insert()
 6 SYSTEMPATH\BaseModel.php(839): CodeIgniter\Model->doInsert([...])
 7 SYSTEMPATH\Model.php(800): CodeIgniter\BaseModel->insert([...], false)
 8 SYSTEMPATH\BaseModel.php(750): CodeIgniter\Model->insert([...], false)
 9 APPPATH\Controllers\Bookings.php(51): CodeIgniter\BaseModel->save([...])
10 SYSTEMPATH\CodeIgniter.php(933): App\Controllers\Bookings->store()
11 SYSTEMPATH\CodeIgniter.php(507): CodeIgniter\CodeIgniter->runController(Object(App\Controllers\Bookings))
12 SYSTEMPATH\CodeIgniter.php(354): CodeIgniter\CodeIgniter->handleRequest(null, Object(Config\Cache), false)
13 SYSTEMPATH\Boot.php(334): CodeIgniter\CodeIgniter->run()
14 SYSTEMPATH\Boot.php(67): CodeIgniter\Boot::runCodeIgniter(Object(CodeIgniter\CodeIgniter))
15 FCPATH\index.php(56): CodeIgniter\Boot::bootWeb(Object(Config\Paths))
ERROR - 2025-04-13 20:42:04 --> mysqli_sql_exception: Unknown column 'created_at' in 'field list' in C:\xampp\htdocs\hotel-booking\system\Database\MySQLi\Connection.php:327
Stack trace:
#0 C:\xampp\htdocs\hotel-booking\system\Database\MySQLi\Connection.php(327): mysqli->query('INSERT INTO `bo...', 0)
#1 C:\xampp\htdocs\hotel-booking\system\Database\BaseConnection.php(738): CodeIgniter\Database\MySQLi\Connection->execute('INSERT INTO `bo...')
#2 C:\xampp\htdocs\hotel-booking\system\Database\BaseConnection.php(652): CodeIgniter\Database\BaseConnection->simpleQuery('INSERT INTO `bo...')
#3 C:\xampp\htdocs\hotel-booking\system\Database\BaseBuilder.php(2345): CodeIgniter\Database\BaseConnection->query('INSERT INTO `bo...', Array, false)
#4 C:\xampp\htdocs\hotel-booking\system\Model.php(394): CodeIgniter\Database\BaseBuilder->insert()
#5 C:\xampp\htdocs\hotel-booking\system\BaseModel.php(839): CodeIgniter\Model->doInsert(Array)
#6 C:\xampp\htdocs\hotel-booking\system\Model.php(800): CodeIgniter\BaseModel->insert(Array, false)
#7 C:\xampp\htdocs\hotel-booking\system\BaseModel.php(750): CodeIgniter\Model->insert(Array, false)
#8 C:\xampp\htdocs\hotel-booking\app\Controllers\Bookings.php(51): CodeIgniter\BaseModel->save(Array)
#9 C:\xampp\htdocs\hotel-booking\system\CodeIgniter.php(933): App\Controllers\Bookings->store()
#10 C:\xampp\htdocs\hotel-booking\system\CodeIgniter.php(507): CodeIgniter\CodeIgniter->runController(Object(App\Controllers\Bookings))
#11 C:\xampp\htdocs\hotel-booking\system\CodeIgniter.php(354): CodeIgniter\CodeIgniter->handleRequest(NULL, Object(Config\Cache), false)
#12 C:\xampp\htdocs\hotel-booking\system\Boot.php(334): CodeIgniter\CodeIgniter->run()
#13 C:\xampp\htdocs\hotel-booking\system\Boot.php(67): CodeIgniter\Boot::runCodeIgniter(Object(CodeIgniter\CodeIgniter))
#14 C:\xampp\htdocs\hotel-booking\public\index.php(56): CodeIgniter\Boot::bootWeb(Object(Config\Paths))
#15 {main}
CRITICAL - 2025-04-13 20:42:04 --> CodeIgniter\Database\Exceptions\DatabaseException: Unknown column 'created_at' in 'field list'
[Method: POST, Route: bookings/store]
in SYSTEMPATH\Database\BaseConnection.php on line 692.
 1 SYSTEMPATH\Database\BaseBuilder.php(2345): CodeIgniter\Database\BaseConnection->query('INSERT INTO `bookings` (`guest_id`, `room_id`, `checkin_date`, `checkout_date`, `status`, `created_at`, `updated_at`) VALUES (:guest_id:, :room_id:, :checkin_date:, :checkout_date:, :status:, :created_at:, :updated_at:)', [...], false)
 2 SYSTEMPATH\Model.php(394): CodeIgniter\Database\BaseBuilder->insert()
 3 SYSTEMPATH\BaseModel.php(839): CodeIgniter\Model->doInsert([...])
 4 SYSTEMPATH\Model.php(800): CodeIgniter\BaseModel->insert([...], false)
 5 SYSTEMPATH\BaseModel.php(750): CodeIgniter\Model->insert([...], false)
 6 APPPATH\Controllers\Bookings.php(51): CodeIgniter\BaseModel->save([...])
 7 SYSTEMPATH\CodeIgniter.php(933): App\Controllers\Bookings->store()
 8 SYSTEMPATH\CodeIgniter.php(507): CodeIgniter\CodeIgniter->runController(Object(App\Controllers\Bookings))
 9 SYSTEMPATH\CodeIgniter.php(354): CodeIgniter\CodeIgniter->handleRequest(null, Object(Config\Cache), false)
10 SYSTEMPATH\Boot.php(334): CodeIgniter\CodeIgniter->run()
11 SYSTEMPATH\Boot.php(67): CodeIgniter\Boot::runCodeIgniter(Object(CodeIgniter\CodeIgniter))
12 FCPATH\index.php(56): CodeIgniter\Boot::bootWeb(Object(Config\Paths))
CRITICAL - 2025-04-13 20:42:04 --> [Caused by] CodeIgniter\Database\Exceptions\DatabaseException: Unknown column 'created_at' in 'field list'
in SYSTEMPATH\Database\MySQLi\Connection.php on line 332.
 1 SYSTEMPATH\Database\BaseConnection.php(738): CodeIgniter\Database\MySQLi\Connection->execute('INSERT INTO `bookings` (`guest_id`, `room_id`, `checkin_date`, `checkout_date`, `status`, `created_at`, `updated_at`) VALUES (\'4\', \'2\', \'2025-05-20\', \'2025-05-21\', \'confirmed\', \'2025-04-13 20:42:04\', \'2025-04-13 20:42:04\')')
 2 SYSTEMPATH\Database\BaseConnection.php(652): CodeIgniter\Database\BaseConnection->simpleQuery('INSERT INTO `bookings` (`guest_id`, `room_id`, `checkin_date`, `checkout_date`, `status`, `created_at`, `updated_at`) VALUES (\'4\', \'2\', \'2025-05-20\', \'2025-05-21\', \'confirmed\', \'2025-04-13 20:42:04\', \'2025-04-13 20:42:04\')')
 3 SYSTEMPATH\Database\BaseBuilder.php(2345): CodeIgniter\Database\BaseConnection->query('INSERT INTO `bookings` (`guest_id`, `room_id`, `checkin_date`, `checkout_date`, `status`, `created_at`, `updated_at`) VALUES (:guest_id:, :room_id:, :checkin_date:, :checkout_date:, :status:, :created_at:, :updated_at:)', [...], false)
 4 SYSTEMPATH\Model.php(394): CodeIgniter\Database\BaseBuilder->insert()
 5 SYSTEMPATH\BaseModel.php(839): CodeIgniter\Model->doInsert([...])
 6 SYSTEMPATH\Model.php(800): CodeIgniter\BaseModel->insert([...], false)
 7 SYSTEMPATH\BaseModel.php(750): CodeIgniter\Model->insert([...], false)
 8 APPPATH\Controllers\Bookings.php(51): CodeIgniter\BaseModel->save([...])
 9 SYSTEMPATH\CodeIgniter.php(933): App\Controllers\Bookings->store()
10 SYSTEMPATH\CodeIgniter.php(507): CodeIgniter\CodeIgniter->runController(Object(App\Controllers\Bookings))
11 SYSTEMPATH\CodeIgniter.php(354): CodeIgniter\CodeIgniter->handleRequest(null, Object(Config\Cache), false)
12 SYSTEMPATH\Boot.php(334): CodeIgniter\CodeIgniter->run()
13 SYSTEMPATH\Boot.php(67): CodeIgniter\Boot::runCodeIgniter(Object(CodeIgniter\CodeIgniter))
14 FCPATH\index.php(56): CodeIgniter\Boot::bootWeb(Object(Config\Paths))
CRITICAL - 2025-04-13 20:42:04 --> [Caused by] mysqli_sql_exception: Unknown column 'created_at' in 'field list'
in SYSTEMPATH\Database\MySQLi\Connection.php on line 327.
 1 SYSTEMPATH\Database\MySQLi\Connection.php(327): mysqli->query('INSERT INTO `bookings` (`guest_id`, `room_id`, `checkin_date`, `checkout_date`, `status`, `created_at`, `updated_at`) VALUES (\'4\', \'2\', \'2025-05-20\', \'2025-05-21\', \'confirmed\', \'2025-04-13 20:42:04\', \'2025-04-13 20:42:04\')', 0)
 2 SYSTEMPATH\Database\BaseConnection.php(738): CodeIgniter\Database\MySQLi\Connection->execute('INSERT INTO `bookings` (`guest_id`, `room_id`, `checkin_date`, `checkout_date`, `status`, `created_at`, `updated_at`) VALUES (\'4\', \'2\', \'2025-05-20\', \'2025-05-21\', \'confirmed\', \'2025-04-13 20:42:04\', \'2025-04-13 20:42:04\')')
 3 SYSTEMPATH\Database\BaseConnection.php(652): CodeIgniter\Database\BaseConnection->simpleQuery('INSERT INTO `bookings` (`guest_id`, `room_id`, `checkin_date`, `checkout_date`, `status`, `created_at`, `updated_at`) VALUES (\'4\', \'2\', \'2025-05-20\', \'2025-05-21\', \'confirmed\', \'2025-04-13 20:42:04\', \'2025-04-13 20:42:04\')')
 4 SYSTEMPATH\Database\BaseBuilder.php(2345): CodeIgniter\Database\BaseConnection->query('INSERT INTO `bookings` (`guest_id`, `room_id`, `checkin_date`, `checkout_date`, `status`, `created_at`, `updated_at`) VALUES (:guest_id:, :room_id:, :checkin_date:, :checkout_date:, :status:, :created_at:, :updated_at:)', [...], false)
 5 SYSTEMPATH\Model.php(394): CodeIgniter\Database\BaseBuilder->insert()
 6 SYSTEMPATH\BaseModel.php(839): CodeIgniter\Model->doInsert([...])
 7 SYSTEMPATH\Model.php(800): CodeIgniter\BaseModel->insert([...], false)
 8 SYSTEMPATH\BaseModel.php(750): CodeIgniter\Model->insert([...], false)
 9 APPPATH\Controllers\Bookings.php(51): CodeIgniter\BaseModel->save([...])
10 SYSTEMPATH\CodeIgniter.php(933): App\Controllers\Bookings->store()
11 SYSTEMPATH\CodeIgniter.php(507): CodeIgniter\CodeIgniter->runController(Object(App\Controllers\Bookings))
12 SYSTEMPATH\CodeIgniter.php(354): CodeIgniter\CodeIgniter->handleRequest(null, Object(Config\Cache), false)
13 SYSTEMPATH\Boot.php(334): CodeIgniter\CodeIgniter->run()
14 SYSTEMPATH\Boot.php(67): CodeIgniter\Boot::runCodeIgniter(Object(CodeIgniter\CodeIgniter))
15 FCPATH\index.php(56): CodeIgniter\Boot::bootWeb(Object(Config\Paths))
ERROR - 2025-04-13 20:46:02 --> mysqli_sql_exception: Unknown column 'created_at' in 'field list' in C:\xampp\htdocs\hotel-booking\system\Database\MySQLi\Connection.php:327
Stack trace:
#0 C:\xampp\htdocs\hotel-booking\system\Database\MySQLi\Connection.php(327): mysqli->query('INSERT INTO `bo...', 0)
#1 C:\xampp\htdocs\hotel-booking\system\Database\BaseConnection.php(738): CodeIgniter\Database\MySQLi\Connection->execute('INSERT INTO `bo...')
#2 C:\xampp\htdocs\hotel-booking\system\Database\BaseConnection.php(652): CodeIgniter\Database\BaseConnection->simpleQuery('INSERT INTO `bo...')
#3 C:\xampp\htdocs\hotel-booking\system\Database\BaseBuilder.php(2345): CodeIgniter\Database\BaseConnection->query('INSERT INTO `bo...', Array, false)
#4 C:\xampp\htdocs\hotel-booking\system\Model.php(394): CodeIgniter\Database\BaseBuilder->insert()
#5 C:\xampp\htdocs\hotel-booking\system\BaseModel.php(839): CodeIgniter\Model->doInsert(Array)
#6 C:\xampp\htdocs\hotel-booking\system\Model.php(800): CodeIgniter\BaseModel->insert(Array, false)
#7 C:\xampp\htdocs\hotel-booking\system\BaseModel.php(750): CodeIgniter\Model->insert(Array, false)
#8 C:\xampp\htdocs\hotel-booking\app\Controllers\Bookings.php(68): CodeIgniter\BaseModel->save(Array)
#9 C:\xampp\htdocs\hotel-booking\system\CodeIgniter.php(933): App\Controllers\Bookings->store()
#10 C:\xampp\htdocs\hotel-booking\system\CodeIgniter.php(507): CodeIgniter\CodeIgniter->runController(Object(App\Controllers\Bookings))
#11 C:\xampp\htdocs\hotel-booking\system\CodeIgniter.php(354): CodeIgniter\CodeIgniter->handleRequest(NULL, Object(Config\Cache), false)
#12 C:\xampp\htdocs\hotel-booking\system\Boot.php(334): CodeIgniter\CodeIgniter->run()
#13 C:\xampp\htdocs\hotel-booking\system\Boot.php(67): CodeIgniter\Boot::runCodeIgniter(Object(CodeIgniter\CodeIgniter))
#14 C:\xampp\htdocs\hotel-booking\public\index.php(56): CodeIgniter\Boot::bootWeb(Object(Config\Paths))
#15 {main}
CRITICAL - 2025-04-13 20:46:02 --> CodeIgniter\Database\Exceptions\DatabaseException: Unknown column 'created_at' in 'field list'
[Method: POST, Route: bookings/store]
in SYSTEMPATH\Database\BaseConnection.php on line 692.
 1 SYSTEMPATH\Database\BaseBuilder.php(2345): CodeIgniter\Database\BaseConnection->query('INSERT INTO `bookings` (`guest_id`, `room_id`, `checkin_date`, `checkout_date`, `status`, `created_at`, `updated_at`) VALUES (:guest_id:, :room_id:, :checkin_date:, :checkout_date:, :status:, :created_at:, :updated_at:)', [...], false)
 2 SYSTEMPATH\Model.php(394): CodeIgniter\Database\BaseBuilder->insert()
 3 SYSTEMPATH\BaseModel.php(839): CodeIgniter\Model->doInsert([...])
 4 SYSTEMPATH\Model.php(800): CodeIgniter\BaseModel->insert([...], false)
 5 SYSTEMPATH\BaseModel.php(750): CodeIgniter\Model->insert([...], false)
 6 APPPATH\Controllers\Bookings.php(68): CodeIgniter\BaseModel->save([...])
 7 SYSTEMPATH\CodeIgniter.php(933): App\Controllers\Bookings->store()
 8 SYSTEMPATH\CodeIgniter.php(507): CodeIgniter\CodeIgniter->runController(Object(App\Controllers\Bookings))
 9 SYSTEMPATH\CodeIgniter.php(354): CodeIgniter\CodeIgniter->handleRequest(null, Object(Config\Cache), false)
10 SYSTEMPATH\Boot.php(334): CodeIgniter\CodeIgniter->run()
11 SYSTEMPATH\Boot.php(67): CodeIgniter\Boot::runCodeIgniter(Object(CodeIgniter\CodeIgniter))
12 FCPATH\index.php(56): CodeIgniter\Boot::bootWeb(Object(Config\Paths))
CRITICAL - 2025-04-13 20:46:02 --> [Caused by] CodeIgniter\Database\Exceptions\DatabaseException: Unknown column 'created_at' in 'field list'
in SYSTEMPATH\Database\MySQLi\Connection.php on line 332.
 1 SYSTEMPATH\Database\BaseConnection.php(738): CodeIgniter\Database\MySQLi\Connection->execute('INSERT INTO `bookings` (`guest_id`, `room_id`, `checkin_date`, `checkout_date`, `status`, `created_at`, `updated_at`) VALUES (\'4\', \'2\', \'2025-05-20\', \'2025-05-21\', \'confirmed\', \'2025-04-13 20:46:02\', \'2025-04-13 20:46:02\')')
 2 SYSTEMPATH\Database\BaseConnection.php(652): CodeIgniter\Database\BaseConnection->simpleQuery('INSERT INTO `bookings` (`guest_id`, `room_id`, `checkin_date`, `checkout_date`, `status`, `created_at`, `updated_at`) VALUES (\'4\', \'2\', \'2025-05-20\', \'2025-05-21\', \'confirmed\', \'2025-04-13 20:46:02\', \'2025-04-13 20:46:02\')')
 3 SYSTEMPATH\Database\BaseBuilder.php(2345): CodeIgniter\Database\BaseConnection->query('INSERT INTO `bookings` (`guest_id`, `room_id`, `checkin_date`, `checkout_date`, `status`, `created_at`, `updated_at`) VALUES (:guest_id:, :room_id:, :checkin_date:, :checkout_date:, :status:, :created_at:, :updated_at:)', [...], false)
 4 SYSTEMPATH\Model.php(394): CodeIgniter\Database\BaseBuilder->insert()
 5 SYSTEMPATH\BaseModel.php(839): CodeIgniter\Model->doInsert([...])
 6 SYSTEMPATH\Model.php(800): CodeIgniter\BaseModel->insert([...], false)
 7 SYSTEMPATH\BaseModel.php(750): CodeIgniter\Model->insert([...], false)
 8 APPPATH\Controllers\Bookings.php(68): CodeIgniter\BaseModel->save([...])
 9 SYSTEMPATH\CodeIgniter.php(933): App\Controllers\Bookings->store()
10 SYSTEMPATH\CodeIgniter.php(507): CodeIgniter\CodeIgniter->runController(Object(App\Controllers\Bookings))
11 SYSTEMPATH\CodeIgniter.php(354): CodeIgniter\CodeIgniter->handleRequest(null, Object(Config\Cache), false)
12 SYSTEMPATH\Boot.php(334): CodeIgniter\CodeIgniter->run()
13 SYSTEMPATH\Boot.php(67): CodeIgniter\Boot::runCodeIgniter(Object(CodeIgniter\CodeIgniter))
14 FCPATH\index.php(56): CodeIgniter\Boot::bootWeb(Object(Config\Paths))
CRITICAL - 2025-04-13 20:46:02 --> [Caused by] mysqli_sql_exception: Unknown column 'created_at' in 'field list'
in SYSTEMPATH\Database\MySQLi\Connection.php on line 327.
 1 SYSTEMPATH\Database\MySQLi\Connection.php(327): mysqli->query('INSERT INTO `bookings` (`guest_id`, `room_id`, `checkin_date`, `checkout_date`, `status`, `created_at`, `updated_at`) VALUES (\'4\', \'2\', \'2025-05-20\', \'2025-05-21\', \'confirmed\', \'2025-04-13 20:46:02\', \'2025-04-13 20:46:02\')', 0)
 2 SYSTEMPATH\Database\BaseConnection.php(738): CodeIgniter\Database\MySQLi\Connection->execute('INSERT INTO `bookings` (`guest_id`, `room_id`, `checkin_date`, `checkout_date`, `status`, `created_at`, `updated_at`) VALUES (\'4\', \'2\', \'2025-05-20\', \'2025-05-21\', \'confirmed\', \'2025-04-13 20:46:02\', \'2025-04-13 20:46:02\')')
 3 SYSTEMPATH\Database\BaseConnection.php(652): CodeIgniter\Database\BaseConnection->simpleQuery('INSERT INTO `bookings` (`guest_id`, `room_id`, `checkin_date`, `checkout_date`, `status`, `created_at`, `updated_at`) VALUES (\'4\', \'2\', \'2025-05-20\', \'2025-05-21\', \'confirmed\', \'2025-04-13 20:46:02\', \'2025-04-13 20:46:02\')')
 4 SYSTEMPATH\Database\BaseBuilder.php(2345): CodeIgniter\Database\BaseConnection->query('INSERT INTO `bookings` (`guest_id`, `room_id`, `checkin_date`, `checkout_date`, `status`, `created_at`, `updated_at`) VALUES (:guest_id:, :room_id:, :checkin_date:, :checkout_date:, :status:, :created_at:, :updated_at:)', [...], false)
 5 SYSTEMPATH\Model.php(394): CodeIgniter\Database\BaseBuilder->insert()
 6 SYSTEMPATH\BaseModel.php(839): CodeIgniter\Model->doInsert([...])
 7 SYSTEMPATH\Model.php(800): CodeIgniter\BaseModel->insert([...], false)
 8 SYSTEMPATH\BaseModel.php(750): CodeIgniter\Model->insert([...], false)
 9 APPPATH\Controllers\Bookings.php(68): CodeIgniter\BaseModel->save([...])
10 SYSTEMPATH\CodeIgniter.php(933): App\Controllers\Bookings->store()
11 SYSTEMPATH\CodeIgniter.php(507): CodeIgniter\CodeIgniter->runController(Object(App\Controllers\Bookings))
12 SYSTEMPATH\CodeIgniter.php(354): CodeIgniter\CodeIgniter->handleRequest(null, Object(Config\Cache), false)
13 SYSTEMPATH\Boot.php(334): CodeIgniter\CodeIgniter->run()
14 SYSTEMPATH\Boot.php(67): CodeIgniter\Boot::runCodeIgniter(Object(CodeIgniter\CodeIgniter))
15 FCPATH\index.php(56): CodeIgniter\Boot::bootWeb(Object(Config\Paths))
CRITICAL - 2025-04-13 20:46:32 --> ErrorException: Undefined array key "guest_name"
[Method: GET, Route: bookings]
in APPPATH\Views\bookings\index.php on line 97.
 1 APPPATH\Views\bookings\index.php(97): CodeIgniter\Debug\Exceptions->errorHandler(2, 'Undefined array key "guest_name"', 'C:\\xampp\\htdocs\\hotel-booking\\app\\Views\\bookings\\index.php', 97)
 2 SYSTEMPATH\View\View.php(224): include('C:\\xampp\\htdocs\\hotel-booking\\app\\Views\\bookings\\index.php')
 3 SYSTEMPATH\View\View.php(227): CodeIgniter\View\View->CodeIgniter\View\{closure}()
 4 SYSTEMPATH\Common.php(1173): CodeIgniter\View\View->render('bookings/index', [], true)
 5 APPPATH\Controllers\Bookings.php(25): view('bookings/index', [...])
 6 SYSTEMPATH\CodeIgniter.php(933): App\Controllers\Bookings->index()
 7 SYSTEMPATH\CodeIgniter.php(507): CodeIgniter\CodeIgniter->runController(Object(App\Controllers\Bookings))
 8 SYSTEMPATH\CodeIgniter.php(354): CodeIgniter\CodeIgniter->handleRequest(null, Object(Config\Cache), false)
 9 SYSTEMPATH\Boot.php(334): CodeIgniter\CodeIgniter->run()
10 SYSTEMPATH\Boot.php(67): CodeIgniter\Boot::runCodeIgniter(Object(CodeIgniter\CodeIgniter))
11 FCPATH\index.php(56): CodeIgniter\Boot::bootWeb(Object(Config\Paths))
ERROR - 2025-04-13 20:50:47 --> mysqli_sql_exception: Unknown column 'created_at' in 'field list' in C:\xampp\htdocs\hotel-booking\system\Database\MySQLi\Connection.php:327
Stack trace:
#0 C:\xampp\htdocs\hotel-booking\system\Database\MySQLi\Connection.php(327): mysqli->query('INSERT INTO `bo...', 0)
#1 C:\xampp\htdocs\hotel-booking\system\Database\BaseConnection.php(738): CodeIgniter\Database\MySQLi\Connection->execute('INSERT INTO `bo...')
#2 C:\xampp\htdocs\hotel-booking\system\Database\BaseConnection.php(652): CodeIgniter\Database\BaseConnection->simpleQuery('INSERT INTO `bo...')
#3 C:\xampp\htdocs\hotel-booking\system\Database\BaseBuilder.php(2345): CodeIgniter\Database\BaseConnection->query('INSERT INTO `bo...', Array, false)
#4 C:\xampp\htdocs\hotel-booking\system\Model.php(394): CodeIgniter\Database\BaseBuilder->insert()
#5 C:\xampp\htdocs\hotel-booking\system\BaseModel.php(839): CodeIgniter\Model->doInsert(Array)
#6 C:\xampp\htdocs\hotel-booking\system\Model.php(800): CodeIgniter\BaseModel->insert(Array, true)
#7 C:\xampp\htdocs\hotel-booking\app\Controllers\Bookings.php(42): CodeIgniter\Model->insert(Array)
#8 C:\xampp\htdocs\hotel-booking\system\CodeIgniter.php(933): App\Controllers\Bookings->store()
#9 C:\xampp\htdocs\hotel-booking\system\CodeIgniter.php(507): CodeIgniter\CodeIgniter->runController(Object(App\Controllers\Bookings))
#10 C:\xampp\htdocs\hotel-booking\system\CodeIgniter.php(354): CodeIgniter\CodeIgniter->handleRequest(NULL, Object(Config\Cache), false)
#11 C:\xampp\htdocs\hotel-booking\system\Boot.php(334): CodeIgniter\CodeIgniter->run()
#12 C:\xampp\htdocs\hotel-booking\system\Boot.php(67): CodeIgniter\Boot::runCodeIgniter(Object(CodeIgniter\CodeIgniter))
#13 C:\xampp\htdocs\hotel-booking\public\index.php(56): CodeIgniter\Boot::bootWeb(Object(Config\Paths))
#14 {main}
CRITICAL - 2025-04-13 20:50:47 --> CodeIgniter\Database\Exceptions\DatabaseException: Unknown column 'created_at' in 'field list'
[Method: POST, Route: bookings/store]
in SYSTEMPATH\Database\BaseConnection.php on line 692.
 1 SYSTEMPATH\Database\BaseBuilder.php(2345): CodeIgniter\Database\BaseConnection->query('INSERT INTO `bookings` (`guest_id`, `room_id`, `checkin_date`, `checkout_date`, `status`, `created_at`, `updated_at`) VALUES (:guest_id:, :room_id:, :checkin_date:, :checkout_date:, :status:, :created_at:, :updated_at:)', [...], false)
 2 SYSTEMPATH\Model.php(394): CodeIgniter\Database\BaseBuilder->insert()
 3 SYSTEMPATH\BaseModel.php(839): CodeIgniter\Model->doInsert([...])
 4 SYSTEMPATH\Model.php(800): CodeIgniter\BaseModel->insert([...], true)
 5 APPPATH\Controllers\Bookings.php(42): CodeIgniter\Model->insert([...])
 6 SYSTEMPATH\CodeIgniter.php(933): App\Controllers\Bookings->store()
 7 SYSTEMPATH\CodeIgniter.php(507): CodeIgniter\CodeIgniter->runController(Object(App\Controllers\Bookings))
 8 SYSTEMPATH\CodeIgniter.php(354): CodeIgniter\CodeIgniter->handleRequest(null, Object(Config\Cache), false)
 9 SYSTEMPATH\Boot.php(334): CodeIgniter\CodeIgniter->run()
10 SYSTEMPATH\Boot.php(67): CodeIgniter\Boot::runCodeIgniter(Object(CodeIgniter\CodeIgniter))
11 FCPATH\index.php(56): CodeIgniter\Boot::bootWeb(Object(Config\Paths))
CRITICAL - 2025-04-13 20:50:47 --> [Caused by] CodeIgniter\Database\Exceptions\DatabaseException: Unknown column 'created_at' in 'field list'
in SYSTEMPATH\Database\MySQLi\Connection.php on line 332.
 1 SYSTEMPATH\Database\BaseConnection.php(738): CodeIgniter\Database\MySQLi\Connection->execute('INSERT INTO `bookings` (`guest_id`, `room_id`, `checkin_date`, `checkout_date`, `status`, `created_at`, `updated_at`) VALUES (\'4\', \'2\', \'2025-05-20\', \'2025-05-21\', \'confirmed\', \'2025-04-13 20:50:47\', \'2025-04-13 20:50:47\')')
 2 SYSTEMPATH\Database\BaseConnection.php(652): CodeIgniter\Database\BaseConnection->simpleQuery('INSERT INTO `bookings` (`guest_id`, `room_id`, `checkin_date`, `checkout_date`, `status`, `created_at`, `updated_at`) VALUES (\'4\', \'2\', \'2025-05-20\', \'2025-05-21\', \'confirmed\', \'2025-04-13 20:50:47\', \'2025-04-13 20:50:47\')')
 3 SYSTEMPATH\Database\BaseBuilder.php(2345): CodeIgniter\Database\BaseConnection->query('INSERT INTO `bookings` (`guest_id`, `room_id`, `checkin_date`, `checkout_date`, `status`, `created_at`, `updated_at`) VALUES (:guest_id:, :room_id:, :checkin_date:, :checkout_date:, :status:, :created_at:, :updated_at:)', [...], false)
 4 SYSTEMPATH\Model.php(394): CodeIgniter\Database\BaseBuilder->insert()
 5 SYSTEMPATH\BaseModel.php(839): CodeIgniter\Model->doInsert([...])
 6 SYSTEMPATH\Model.php(800): CodeIgniter\BaseModel->insert([...], true)
 7 APPPATH\Controllers\Bookings.php(42): CodeIgniter\Model->insert([...])
 8 SYSTEMPATH\CodeIgniter.php(933): App\Controllers\Bookings->store()
 9 SYSTEMPATH\CodeIgniter.php(507): CodeIgniter\CodeIgniter->runController(Object(App\Controllers\Bookings))
10 SYSTEMPATH\CodeIgniter.php(354): CodeIgniter\CodeIgniter->handleRequest(null, Object(Config\Cache), false)
11 SYSTEMPATH\Boot.php(334): CodeIgniter\CodeIgniter->run()
12 SYSTEMPATH\Boot.php(67): CodeIgniter\Boot::runCodeIgniter(Object(CodeIgniter\CodeIgniter))
13 FCPATH\index.php(56): CodeIgniter\Boot::bootWeb(Object(Config\Paths))
CRITICAL - 2025-04-13 20:50:47 --> [Caused by] mysqli_sql_exception: Unknown column 'created_at' in 'field list'
in SYSTEMPATH\Database\MySQLi\Connection.php on line 327.
 1 SYSTEMPATH\Database\MySQLi\Connection.php(327): mysqli->query('INSERT INTO `bookings` (`guest_id`, `room_id`, `checkin_date`, `checkout_date`, `status`, `created_at`, `updated_at`) VALUES (\'4\', \'2\', \'2025-05-20\', \'2025-05-21\', \'confirmed\', \'2025-04-13 20:50:47\', \'2025-04-13 20:50:47\')', 0)
 2 SYSTEMPATH\Database\BaseConnection.php(738): CodeIgniter\Database\MySQLi\Connection->execute('INSERT INTO `bookings` (`guest_id`, `room_id`, `checkin_date`, `checkout_date`, `status`, `created_at`, `updated_at`) VALUES (\'4\', \'2\', \'2025-05-20\', \'2025-05-21\', \'confirmed\', \'2025-04-13 20:50:47\', \'2025-04-13 20:50:47\')')
 3 SYSTEMPATH\Database\BaseConnection.php(652): CodeIgniter\Database\BaseConnection->simpleQuery('INSERT INTO `bookings` (`guest_id`, `room_id`, `checkin_date`, `checkout_date`, `status`, `created_at`, `updated_at`) VALUES (\'4\', \'2\', \'2025-05-20\', \'2025-05-21\', \'confirmed\', \'2025-04-13 20:50:47\', \'2025-04-13 20:50:47\')')
 4 SYSTEMPATH\Database\BaseBuilder.php(2345): CodeIgniter\Database\BaseConnection->query('INSERT INTO `bookings` (`guest_id`, `room_id`, `checkin_date`, `checkout_date`, `status`, `created_at`, `updated_at`) VALUES (:guest_id:, :room_id:, :checkin_date:, :checkout_date:, :status:, :created_at:, :updated_at:)', [...], false)
 5 SYSTEMPATH\Model.php(394): CodeIgniter\Database\BaseBuilder->insert()
 6 SYSTEMPATH\BaseModel.php(839): CodeIgniter\Model->doInsert([...])
 7 SYSTEMPATH\Model.php(800): CodeIgniter\BaseModel->insert([...], true)
 8 APPPATH\Controllers\Bookings.php(42): CodeIgniter\Model->insert([...])
 9 SYSTEMPATH\CodeIgniter.php(933): App\Controllers\Bookings->store()
10 SYSTEMPATH\CodeIgniter.php(507): CodeIgniter\CodeIgniter->runController(Object(App\Controllers\Bookings))
11 SYSTEMPATH\CodeIgniter.php(354): CodeIgniter\CodeIgniter->handleRequest(null, Object(Config\Cache), false)
12 SYSTEMPATH\Boot.php(334): CodeIgniter\CodeIgniter->run()
13 SYSTEMPATH\Boot.php(67): CodeIgniter\Boot::runCodeIgniter(Object(CodeIgniter\CodeIgniter))
14 FCPATH\index.php(56): CodeIgniter\Boot::bootWeb(Object(Config\Paths))
CRITICAL - 2025-04-13 20:51:07 --> ErrorException: Undefined array key "guest_name"
[Method: GET, Route: bookings]
in APPPATH\Views\bookings\index.php on line 97.
 1 APPPATH\Views\bookings\index.php(97): CodeIgniter\Debug\Exceptions->errorHandler(2, 'Undefined array key "guest_name"', 'C:\\xampp\\htdocs\\hotel-booking\\app\\Views\\bookings\\index.php', 97)
 2 SYSTEMPATH\View\View.php(224): include('C:\\xampp\\htdocs\\hotel-booking\\app\\Views\\bookings\\index.php')
 3 SYSTEMPATH\View\View.php(227): CodeIgniter\View\View->CodeIgniter\View\{closure}()
 4 SYSTEMPATH\Common.php(1173): CodeIgniter\View\View->render('bookings/index', [], true)
 5 APPPATH\Controllers\Bookings.php(16): view('bookings/index', [...])
 6 SYSTEMPATH\CodeIgniter.php(933): App\Controllers\Bookings->index()
 7 SYSTEMPATH\CodeIgniter.php(507): CodeIgniter\CodeIgniter->runController(Object(App\Controllers\Bookings))
 8 SYSTEMPATH\CodeIgniter.php(354): CodeIgniter\CodeIgniter->handleRequest(null, Object(Config\Cache), false)
 9 SYSTEMPATH\Boot.php(334): CodeIgniter\CodeIgniter->run()
10 SYSTEMPATH\Boot.php(67): CodeIgniter\Boot::runCodeIgniter(Object(CodeIgniter\CodeIgniter))
11 FCPATH\index.php(56): CodeIgniter\Boot::bootWeb(Object(Config\Paths))
CRITICAL - 2025-04-13 20:54:57 --> ErrorException: Undefined array key "guest_name"
[Method: GET, Route: bookings]
in APPPATH\Views\bookings\index.php on line 97.
 1 APPPATH\Views\bookings\index.php(97): CodeIgniter\Debug\Exceptions->errorHandler(2, 'Undefined array key "guest_name"', 'C:\\xampp\\htdocs\\hotel-booking\\app\\Views\\bookings\\index.php', 97)
 2 SYSTEMPATH\View\View.php(224): include('C:\\xampp\\htdocs\\hotel-booking\\app\\Views\\bookings\\index.php')
 3 SYSTEMPATH\View\View.php(227): CodeIgniter\View\View->CodeIgniter\View\{closure}()
 4 SYSTEMPATH\Common.php(1173): CodeIgniter\View\View->render('bookings/index', [], true)
 5 APPPATH\Controllers\Bookings.php(16): view('bookings/index', [...])
 6 SYSTEMPATH\CodeIgniter.php(933): App\Controllers\Bookings->index()
 7 SYSTEMPATH\CodeIgniter.php(507): CodeIgniter\CodeIgniter->runController(Object(App\Controllers\Bookings))
 8 SYSTEMPATH\CodeIgniter.php(354): CodeIgniter\CodeIgniter->handleRequest(null, Object(Config\Cache), false)
 9 SYSTEMPATH\Boot.php(334): CodeIgniter\CodeIgniter->run()
10 SYSTEMPATH\Boot.php(67): CodeIgniter\Boot::runCodeIgniter(Object(CodeIgniter\CodeIgniter))
11 FCPATH\index.php(56): CodeIgniter\Boot::bootWeb(Object(Config\Paths))
CRITICAL - 2025-04-13 21:04:25 --> ErrorException: Undefined array key "guest_name"
[Method: GET, Route: bookings]
in APPPATH\Views\bookings\index.php on line 97.
 1 APPPATH\Views\bookings\index.php(97): CodeIgniter\Debug\Exceptions->errorHandler(2, 'Undefined array key "guest_name"', 'C:\\xampp\\htdocs\\hotel-booking\\app\\Views\\bookings\\index.php', 97)
 2 SYSTEMPATH\View\View.php(224): include('C:\\xampp\\htdocs\\hotel-booking\\app\\Views\\bookings\\index.php')
 3 SYSTEMPATH\View\View.php(227): CodeIgniter\View\View->CodeIgniter\View\{closure}()
 4 SYSTEMPATH\Common.php(1173): CodeIgniter\View\View->render('bookings/index', [], true)
 5 APPPATH\Controllers\Bookings.php(16): view('bookings/index', [...])
 6 SYSTEMPATH\CodeIgniter.php(933): App\Controllers\Bookings->index()
 7 SYSTEMPATH\CodeIgniter.php(507): CodeIgniter\CodeIgniter->runController(Object(App\Controllers\Bookings))
 8 SYSTEMPATH\CodeIgniter.php(354): CodeIgniter\CodeIgniter->handleRequest(null, Object(Config\Cache), false)
 9 SYSTEMPATH\Boot.php(334): CodeIgniter\CodeIgniter->run()
10 SYSTEMPATH\Boot.php(67): CodeIgniter\Boot::runCodeIgniter(Object(CodeIgniter\CodeIgniter))
11 FCPATH\index.php(56): CodeIgniter\Boot::bootWeb(Object(Config\Paths))
CRITICAL - 2025-04-13 21:06:08 --> ErrorException: Undefined array key "guest_name"
[Method: GET, Route: bookings]
in APPPATH\Views\bookings\index.php on line 97.
 1 APPPATH\Views\bookings\index.php(97): CodeIgniter\Debug\Exceptions->errorHandler(2, 'Undefined array key "guest_name"', 'C:\\xampp\\htdocs\\hotel-booking\\app\\Views\\bookings\\index.php', 97)
 2 SYSTEMPATH\View\View.php(224): include('C:\\xampp\\htdocs\\hotel-booking\\app\\Views\\bookings\\index.php')
 3 SYSTEMPATH\View\View.php(227): CodeIgniter\View\View->CodeIgniter\View\{closure}()
 4 SYSTEMPATH\Common.php(1173): CodeIgniter\View\View->render('bookings/index', [], true)
 5 APPPATH\Controllers\Bookings.php(16): view('bookings/index', [...])
 6 SYSTEMPATH\CodeIgniter.php(933): App\Controllers\Bookings->index()
 7 SYSTEMPATH\CodeIgniter.php(507): CodeIgniter\CodeIgniter->runController(Object(App\Controllers\Bookings))
 8 SYSTEMPATH\CodeIgniter.php(354): CodeIgniter\CodeIgniter->handleRequest(null, Object(Config\Cache), false)
 9 SYSTEMPATH\Boot.php(334): CodeIgniter\CodeIgniter->run()
10 SYSTEMPATH\Boot.php(67): CodeIgniter\Boot::runCodeIgniter(Object(CodeIgniter\CodeIgniter))
11 FCPATH\index.php(56): CodeIgniter\Boot::bootWeb(Object(Config\Paths))
